SF:lib\impl\widgets\change_notifier_builder.dart
DA:13,0
DA:15,0
DA:23,1
DA:25,1
DA:27,1
DA:28,1
DA:33,3
DA:35,1
DA:37,4
DA:38,1
DA:41,1
DA:43,4
DA:44,1
DA:47,1
DA:49,5
LF:15
LH:13
end_of_record
SF:lib\interface\dart_board_interface.dart
DA:13,3
DA:41,1
DA:42,3
DA:77,0
DA:78,0
DA:79,0
DA:104,1
DA:106,1
DA:107,1
DA:121,0
DA:124,2
DA:127,2
DA:130,2
DA:133,2
DA:140,2
DA:152,2
DA:154,0
DA:155,0
DA:171,0
LF:19
LH:12
end_of_record
SF:lib\impl\dart_board_core.dart
DA:9,3
DA:10,3
DA:12,1
DA:13,4
DA:63,1
DA:70,1
DA:72,1
DA:73,1
DA:117,1
DA:119,1
DA:120,1
DA:121,1
DA:122,5
DA:130,1
DA:131,1
DA:132,1
DA:133,1
DA:134,1
DA:135,1
DA:136,2
DA:139,1
DA:140,1
DA:141,1
DA:142,4
DA:144,3
DA:145,1
DA:150,1
DA:154,1
DA:155,1
DA:156,2
DA:158,3
DA:159,2
DA:160,3
DA:161,3
DA:162,2
DA:163,3
DA:164,1
DA:165,2
DA:174,1
DA:175,2
DA:177,2
DA:178,3
DA:180,2
DA:181,2
DA:183,2
DA:184,3
DA:185,4
DA:186,1
DA:190,3
DA:191,2
DA:194,2
DA:195,3
DA:196,3
DA:197,4
DA:198,1
DA:199,2
DA:200,2
DA:201,2
DA:202,3
DA:203,2
DA:204,3
DA:206,4
DA:207,2
DA:208,2
DA:209,2
DA:214,3
DA:215,1
DA:216,1
DA:217,2
DA:219,4
DA:221,3
DA:222,1
DA:223,2
DA:225,1
DA:228,4
DA:230,3
DA:231,1
DA:232,2
DA:234,1
DA:237,4
DA:239,3
DA:240,1
DA:241,1
DA:242,2
DA:243,4
DA:244,3
DA:245,1
DA:246,1
DA:247,2
DA:248,4
DA:249,1
DA:250,6
DA:253,2
DA:254,3
DA:255,1
DA:256,4
DA:266,1
DA:267,4
DA:268,2
DA:269,4
DA:271,1
DA:272,2
DA:273,2
DA:275,3
DA:276,2
DA:280,1
DA:282,2
DA:283,2
DA:284,1
DA:285,2
DA:291,1
DA:293,2
DA:294,2
DA:295,1
DA:298,1
DA:299,2
DA:301,1
DA:302,2
DA:304,1
DA:306,2
DA:307,2
DA:313,6
DA:315,1
DA:331,1
DA:336,1
DA:337,1
DA:338,3
DA:339,1
DA:340,1
DA:341,2
DA:348,1
DA:349,1
DA:352,1
DA:353,1
DA:359,1
LF:135
LH:135
end_of_record
SF:lib\impl\widgets\convertor_widget.dart
DA:15,1
DA:20,1
DA:22,1
DA:23,1
DA:30,1
DA:32,4
DA:33,5
DA:34,2
DA:36,2
DA:37,3
DA:38,5
DA:40,1
DA:43,1
DA:45,3
DA:46,5
DA:48,1
DA:51,1
DA:52,4
LF:18
LH:18
end_of_record
SF:lib\impl\widgets\route_widget.dart
DA:13,1
DA:15,1
DA:17,1
DA:19,1
DA:20,1
DA:24,1
DA:26,2
DA:28,1
DA:29,3
DA:30,3
DA:31,2
DA:32,4
DA:34,1
LF:13
LH:13
end_of_record
SF:lib\impl\widgets\life_cycle_widget.dart
DA:6,1
DA:7,0
DA:31,1
DA:37,1
DA:39,1
DA:40,1
DA:44,1
DA:46,3
DA:47,6
DA:48,1
DA:51,1
DA:53,4
DA:54,1
DA:57,1
DA:58,2
LF:15
LH:14
end_of_record
SF:lib\impl\widgets\feature_gate.dart
DA:20,0
DA:25,0
DA:27,0
DA:29,0
DA:30,0
DA:32,0
DA:33,0
DA:34,0
DA:35,0
DA:36,0
DA:39,0
DA:40,0
DA:41,0
DA:42,0
DA:43,0
DA:44,0
DA:45,0
DA:56,0
DA:57,0
DA:59,0
DA:60,0
DA:64,0
DA:66,0
DA:68,0
DA:69,0
DA:70,0
DA:71,0
DA:72,0
DA:76,0
DA:77,0
DA:84,0
DA:85,0
DA:86,0
DA:87,0
DA:88,0
LF:35
LH:0
end_of_record
SF:lib\impl\route_types\named_route.dart
DA:29,2
DA:32,2
DA:33,6
DA:35,2
DA:36,2
DA:43,1
DA:45,1
DA:46,3
DA:51,1
DA:53,5
LF:10
LH:10
end_of_record
SF:lib\impl\widgets\route_not_found.dart
DA:7,1
DA:9,1
DA:10,1
DA:13,1
DA:15,1
DA:17,3
LF:6
LH:6
end_of_record
