SF:lib\impl\widgets\change_notifier_builder.dart
DA:13,0
DA:15,0
DA:23,1
DA:25,1
DA:27,1
DA:28,1
DA:33,3
DA:35,1
DA:37,4
DA:38,1
DA:41,1
DA:43,4
DA:44,1
DA:47,1
DA:49,5
LF:15
LH:13
end_of_record
SF:lib\interface\dart_board_interface.dart
DA:13,3
DA:41,1
DA:42,3
DA:77,0
DA:78,0
DA:79,0
DA:80,0
DA:81,0
DA:97,0
DA:98,0
DA:99,0
DA:101,0
DA:102,0
DA:115,1
DA:117,1
DA:118,1
DA:132,0
DA:135,2
DA:138,2
DA:141,2
DA:144,2
DA:151,2
DA:163,2
DA:165,0
DA:166,0
DA:182,0
LF:26
LH:12
end_of_record
SF:lib\impl\dart_board_core.dart
DA:9,3
DA:10,3
DA:12,0
DA:13,0
DA:35,1
DA:42,1
DA:44,1
DA:45,1
DA:89,1
DA:91,1
DA:92,1
DA:93,1
DA:94,5
DA:98,1
DA:99,1
DA:100,1
DA:101,1
DA:102,1
DA:103,1
DA:104,2
DA:107,1
DA:108,1
DA:109,1
DA:110,4
DA:112,3
DA:113,1
DA:118,1
DA:122,1
DA:123,1
DA:124,2
DA:126,3
DA:127,2
DA:128,3
DA:129,3
DA:130,2
DA:131,3
DA:132,1
DA:133,2
DA:142,1
DA:143,2
DA:145,2
DA:146,3
DA:148,2
DA:149,2
DA:151,2
DA:152,3
DA:153,4
DA:154,1
DA:158,3
DA:159,2
DA:162,2
DA:163,3
DA:164,3
DA:165,4
DA:166,1
DA:167,2
DA:168,2
DA:169,2
DA:170,3
DA:171,2
DA:172,3
DA:174,4
DA:175,2
DA:176,2
DA:177,2
DA:182,3
DA:183,1
DA:184,1
DA:185,2
DA:187,4
DA:189,3
DA:190,1
DA:191,2
DA:193,1
DA:196,4
DA:198,3
DA:199,1
DA:200,2
DA:202,1
DA:205,4
DA:207,3
DA:208,1
DA:209,1
DA:210,2
DA:211,4
DA:212,3
DA:213,1
DA:214,1
DA:215,2
DA:216,4
DA:217,1
DA:218,6
DA:221,2
DA:222,3
DA:223,1
DA:224,4
DA:234,0
DA:235,0
DA:236,0
DA:237,0
DA:239,0
DA:240,0
DA:241,0
DA:243,0
DA:244,0
DA:248,1
DA:250,2
DA:251,2
DA:252,1
DA:253,2
DA:259,1
DA:261,2
DA:262,2
DA:263,1
DA:266,0
DA:268,0
DA:270,0
DA:271,0
DA:274,0
DA:276,0
DA:277,0
DA:283,0
DA:285,0
DA:300,0
DA:304,0
DA:305,0
DA:306,0
DA:307,0
DA:317,1
DA:322,1
DA:323,1
DA:324,3
DA:325,1
DA:326,1
DA:327,2
DA:334,0
DA:335,0
DA:338,0
DA:339,0
DA:345,1
LF:140
LH:111
end_of_record
SF:lib\impl\widgets\convertor_widget.dart
DA:15,1
DA:20,1
DA:22,1
DA:23,1
DA:30,0
DA:32,0
DA:33,0
DA:34,0
DA:36,0
DA:37,0
DA:38,0
DA:40,0
DA:43,1
DA:45,3
DA:46,5
DA:48,1
DA:51,1
DA:52,4
LF:18
LH:10
end_of_record
SF:lib\impl\widgets\route_widget.dart
DA:13,1
DA:15,1
DA:17,1
DA:19,1
DA:20,1
DA:24,1
DA:26,2
DA:28,1
DA:29,3
DA:30,3
DA:31,2
DA:32,4
DA:34,1
LF:13
LH:13
end_of_record
SF:lib\impl\widgets\life_cycle_widget.dart
DA:6,1
DA:7,0
DA:31,1
DA:37,1
DA:39,1
DA:40,1
DA:44,1
DA:46,3
DA:47,6
DA:48,1
DA:51,1
DA:53,4
DA:54,1
DA:57,1
DA:58,2
LF:15
LH:14
end_of_record
SF:lib\impl\widgets\feature_gate.dart
DA:20,0
DA:25,0
DA:27,0
DA:29,0
DA:30,0
DA:32,0
DA:33,0
DA:34,0
DA:35,0
DA:36,0
DA:39,0
DA:40,0
DA:41,0
DA:42,0
DA:43,0
DA:44,0
DA:45,0
DA:56,0
DA:57,0
DA:59,0
DA:60,0
DA:64,0
DA:66,0
DA:68,0
DA:69,0
DA:70,0
DA:71,0
DA:72,0
DA:76,0
DA:77,0
DA:84,0
DA:85,0
DA:86,0
DA:87,0
DA:88,0
LF:35
LH:0
end_of_record
SF:lib\impl\route_types\named_route.dart
DA:15,1
DA:18,1
DA:19,3
DA:21,1
DA:22,1
DA:29,0
DA:31,0
DA:32,0
DA:37,0
DA:39,0
LF:10
LH:5
end_of_record
SF:lib\impl\widgets\route_not_found.dart
DA:7,1
DA:9,1
DA:10,1
DA:13,1
DA:15,1
DA:17,3
LF:6
LH:6
end_of_record
